=> Booting Puma
=> Rails 7.1.3.2 application starting in development 
=> Run `bin/rails server --help` for more startup options
I, [2024-04-24T11:23:54.120394 #72890]  INFO -- : Instrumentation: OpenTelemetry::Instrumentation::ActiveSupport was successfully installed with the following options {}
I, [2024-04-24T11:23:54.123982 #72890]  INFO -- : Instrumentation: OpenTelemetry::Instrumentation::Rack was successfully installed with the following options {:allowed_request_headers=>[], :allowed_response_headers=>[], :application=>nil, :record_frontend_span=>false, :untraced_endpoints=>[], :url_quantization=>nil, :untraced_requests=>nil, :response_propagators=>[], :use_rack_events=>true, :allowed_rack_request_headers=>{}, :allowed_rack_response_headers=>{}}
I, [2024-04-24T11:23:54.127131 #72890]  INFO -- : Instrumentation: OpenTelemetry::Instrumentation::ActionPack was successfully installed with the following options {}
I, [2024-04-24T11:23:54.148133 #72890]  INFO -- : Instrumentation: OpenTelemetry::Instrumentation::ActiveJob was successfully installed with the following options {:propagation_style=>:link, :force_flush=>false, :span_naming=>:queue}
I, [2024-04-24T11:23:54.345590 #72890]  INFO -- : Instrumentation: OpenTelemetry::Instrumentation::ActiveRecord was successfully installed with the following options {}
I, [2024-04-24T11:23:54.346114 #72890]  INFO -- : Instrumentation: OpenTelemetry::Instrumentation::ActionView was successfully installed with the following options {:disallowed_notification_payload_keys=>[], :notification_payload_transform=>nil}
I, [2024-04-24T11:23:54.346613 #72890]  INFO -- : Instrumentation: OpenTelemetry::Instrumentation::ConcurrentRuby was successfully installed with the following options {}
I, [2024-04-24T11:23:54.347239 #72890]  INFO -- : Instrumentation: OpenTelemetry::Instrumentation::Net::HTTP was successfully installed with the following options {:untraced_hosts=>[]}
I, [2024-04-24T11:23:54.352203 #72890]  INFO -- : Instrumentation: OpenTelemetry::Instrumentation::PG was successfully installed with the following options {:peer_service=>nil, :db_statement=>:obfuscate, :obfuscation_limit=>2000}
I, [2024-04-24T11:23:54.352266 #72890]  INFO -- : Instrumentation: OpenTelemetry::Instrumentation::Rails was successfully installed with the following options {}
I, [2024-04-24T11:23:54.353045 #72890]  INFO -- : Instrumentation: OpenTelemetry::Instrumentation::Redis was successfully installed with the following options {:peer_service=>nil, :trace_root_spans=>true, :db_statement=>:obfuscate}
Puma starting in single mode...
* Puma version: 6.4.2 (ruby 3.3.0-p0) ("The Eagle of Durango")
*  Min threads: 5
*  Max threads: 5
*  Environment: development
*          PID: 72890
* Listening on http://127.0.0.1:3000
* Listening on http://[::1]:3000
Use Ctrl-C to stop
Started GET "/posts" for 127.0.0.1 at 2024-04-24 11:24:06 -0400
#<struct OpenTelemetry::SDK::Trace::SpanData
 name="SET hc_testing_app_development",
 kind=:client,
 status=
  #<OpenTelemetry::Trace::Status:0x000000010a1ebb70 @code=1, @description="">,
 parent_span_id="\x02\fL\x17F\xBF\x96\xB2",
 total_recorded_attributes=7,
 total_recorded_events=0,
 total_recorded_links=0,
 start_timestamp=1713972246192268000,
 end_timestamp=1713972246192353000,
 attributes=
  {"db.system"=>"postgresql",
   "db.user"=>"bcarreno",
   "db.name"=>"hc_testing_app_development",
   "net.sock.family"=>"unix",
   "net.peer.name"=>"/tmp",
   "db.operation"=>"SET",
   "db.statement"=>"SET client_min_messages TO ?"},
 links=nil,
 events=nil,
 resource=
  #<OpenTelemetry::SDK::Resources::Resource:0x000000012672b4c0
   @attributes=
    {"service.name"=>"HcTestingApp",
     "process.pid"=>72890,
     "process.command"=>"bin/rails",
     "process.runtime.name"=>"ruby",
     "process.runtime.version"=>"3.3.0",
     "process.runtime.description"=>
      "ruby 3.3.0 (2023-12-25 revision 5124f9ac75) [x86_64-darwin23]",
     "telemetry.sdk.name"=>"opentelemetry",
     "telemetry.sdk.language"=>"ruby",
     "telemetry.sdk.version"=>"1.4.1"}>,
 instrumentation_scope=
  #<struct OpenTelemetry::SDK::InstrumentationScope
   name="OpenTelemetry::Instrumentation::PG",
   version="0.27.1">,
 span_id="\xE7\xE7\x93\x9A\x9C\xA6\x1E\x12",
 trace_id="\x8Bl\xB2\xBAn\x91\x80\vJ\x8C^W\xCA\x87m\x1F",
 trace_flags=#<OpenTelemetry::Trace::TraceFlags:0x00000001260d36e0 @flags=1>,
 tracestate=#<OpenTelemetry::Trace::Tracestate:0x00000001260d1598 @hash={}>>
#<struct OpenTelemetry::SDK::Trace::SpanData
 name="SET hc_testing_app_development",
 kind=:client,
 status=
  #<OpenTelemetry::Trace::Status:0x000000010a1ebb70 @code=1, @description="">,
 parent_span_id="\x02\fL\x17F\xBF\x96\xB2",
 total_recorded_attributes=7,
 total_recorded_events=0,
 total_recorded_links=0,
 start_timestamp=1713972246194770000,
 end_timestamp=1713972246194851000,
 attributes=
  {"db.system"=>"postgresql",
   "db.user"=>"bcarreno",
   "db.name"=>"hc_testing_app_development",
   "net.sock.family"=>"unix",
   "net.peer.name"=>"/tmp",
   "db.operation"=>"SET",
   "db.statement"=>"SET standard_conforming_strings = on"},
 links=nil,
 events=nil,
 resource=
  #<OpenTelemetry::SDK::Resources::Resource:0x000000012672b4c0
   @attributes=
    {"service.name"=>"HcTestingApp",
     "process.pid"=>72890,
     "process.command"=>"bin/rails",
     "process.runtime.name"=>"ruby",
     "process.runtime.version"=>"3.3.0",
     "process.runtime.description"=>
      "ruby 3.3.0 (2023-12-25 revision 5124f9ac75) [x86_64-darwin23]",
     "telemetry.sdk.name"=>"opentelemetry",
     "telemetry.sdk.language"=>"ruby",
     "telemetry.sdk.version"=>"1.4.1"}>,
 instrumentation_scope=
  #<struct OpenTelemetry::SDK::InstrumentationScope
   name="OpenTelemetry::Instrumentation::PG",
   version="0.27.1">,
 span_id="\x00\xB5\xB5\x9D\x89\x0F\xE1\xB3",
 trace_id="\x8Bl\xB2\xBAn\x91\x80\vJ\x8C^W\xCA\x87m\x1F",
 trace_flags=#<OpenTelemetry::Trace::TraceFlags:0x00000001260d36e0 @flags=1>,
 tracestate=#<OpenTelemetry::Trace::Tracestate:0x00000001260d1598 @hash={}>>
#<struct OpenTelemetry::SDK::Trace::SpanData
 name="SET hc_testing_app_development",
 kind=:client,
 status=
  #<OpenTelemetry::Trace::Status:0x000000010a1ebb70 @code=1, @description="">,
 parent_span_id="\x02\fL\x17F\xBF\x96\xB2",
 total_recorded_attributes=7,
 total_recorded_events=0,
 total_recorded_links=0,
 start_timestamp=1713972246196712000,
 end_timestamp=1713972246196840000,
 attributes=
  {"db.system"=>"postgresql",
   "db.user"=>"bcarreno",
   "db.name"=>"hc_testing_app_development",
   "net.sock.family"=>"unix",
   "net.peer.name"=>"/tmp",
   "db.operation"=>"SET",
   "db.statement"=>"SET intervalstyle = iso_8601"},
 links=nil,
 events=nil,
 resource=
  #<OpenTelemetry::SDK::Resources::Resource:0x000000012672b4c0
   @attributes=
    {"service.name"=>"HcTestingApp",
     "process.pid"=>72890,
     "process.command"=>"bin/rails",
     "process.runtime.name"=>"ruby",
     "process.runtime.version"=>"3.3.0",
     "process.runtime.description"=>
      "ruby 3.3.0 (2023-12-25 revision 5124f9ac75) [x86_64-darwin23]",
     "telemetry.sdk.name"=>"opentelemetry",
     "telemetry.sdk.language"=>"ruby",
     "telemetry.sdk.version"=>"1.4.1"}>,
 instrumentation_scope=
  #<struct OpenTelemetry::SDK::InstrumentationScope
   name="OpenTelemetry::Instrumentation::PG",
   version="0.27.1">,
 span_id="#c\xD0\x9BR\xD7\xDA\x03",
 trace_id="\x8Bl\xB2\xBAn\x91\x80\vJ\x8C^W\xCA\x87m\x1F",
 trace_flags=#<OpenTelemetry::Trace::TraceFlags:0x00000001260d36e0 @flags=1>,
 tracestate=#<OpenTelemetry::Trace::Tracestate:0x00000001260d1598 @hash={}>>
#<struct OpenTelemetry::SDK::Trace::SpanData
 name="SELECT hc_testing_app_development",
 kind=:client,
 status=
  #<OpenTelemetry::Trace::Status:0x000000010a1ebb70 @code=1, @description="">,
 parent_span_id="\x02\fL\x17F\xBF\x96\xB2",
 total_recorded_attributes=7,
 total_recorded_events=0,
 total_recorded_links=0,
 start_timestamp=1713972246199830000,
 end_timestamp=1713972246202267000,
 attributes=
  {"db.system"=>"postgresql",
   "db.user"=>"bcarreno",
   "db.name"=>"hc_testing_app_development",
   "net.sock.family"=>"unix",
   "net.peer.name"=>"/tmp",
   "db.operation"=>"SELECT",
   "db.statement"=>
    "SELECT t.oid, t.typname\n" +
    "FROM pg_type as t\n" +
    "WHERE t.typname IN (?, ?, ?, ?, ?, ?, ?, ?, ?, ?)\n"},
 links=nil,
 events=nil,
 resource=
  #<OpenTelemetry::SDK::Resources::Resource:0x000000012672b4c0
   @attributes=
    {"service.name"=>"HcTestingApp",
     "process.pid"=>72890,
     "process.command"=>"bin/rails",
     "process.runtime.name"=>"ruby",
     "process.runtime.version"=>"3.3.0",
     "process.runtime.description"=>
      "ruby 3.3.0 (2023-12-25 revision 5124f9ac75) [x86_64-darwin23]",
     "telemetry.sdk.name"=>"opentelemetry",
     "telemetry.sdk.language"=>"ruby",
     "telemetry.sdk.version"=>"1.4.1"}>,
 instrumentation_scope=
  #<struct OpenTelemetry::SDK::InstrumentationScope
   name="OpenTelemetry::Instrumentation::PG",
   version="0.27.1">,
 span_id="\x8B\xBB\x18\x80\xAD$G\x9D",
 trace_id="\x8Bl\xB2\xBAn\x91\x80\vJ\x8C^W\xCA\x87m\x1F",
 trace_flags=#<OpenTelemetry::Trace::TraceFlags:0x00000001260d36e0 @flags=1>,
 tracestate=#<OpenTelemetry::Trace::Tracestate:0x00000001260d1598 @hash={}>>
#<struct OpenTelemetry::SDK::Trace::SpanData
 name="SET hc_testing_app_development",
 kind=:client,
 status=
  #<OpenTelemetry::Trace::Status:0x000000010a1ebb70 @code=1, @description="">,
 parent_span_id="\x02\fL\x17F\xBF\x96\xB2",
 total_recorded_attributes=7,
 total_recorded_events=0,
 total_recorded_links=0,
 start_timestamp=1713972246204358000,
 end_timestamp=1713972246205959000,
 attributes=
  {"db.system"=>"postgresql",
   "db.user"=>"bcarreno",
   "db.name"=>"hc_testing_app_development",
   "net.sock.family"=>"unix",
   "net.peer.name"=>"/tmp",
   "db.operation"=>"SET",
   "db.statement"=>"SET SESSION timezone TO ?"},
 links=nil,
 events=nil,
 resource=
  #<OpenTelemetry::SDK::Resources::Resource:0x000000012672b4c0
   @attributes=
    {"service.name"=>"HcTestingApp",
     "process.pid"=>72890,
     "process.command"=>"bin/rails",
     "process.runtime.name"=>"ruby",
     "process.runtime.version"=>"3.3.0",
     "process.runtime.description"=>
      "ruby 3.3.0 (2023-12-25 revision 5124f9ac75) [x86_64-darwin23]",
     "telemetry.sdk.name"=>"opentelemetry",
     "telemetry.sdk.language"=>"ruby",
     "telemetry.sdk.version"=>"1.4.1"}>,
 instrumentation_scope=
  #<struct OpenTelemetry::SDK::InstrumentationScope
   name="OpenTelemetry::Instrumentation::PG",
   version="0.27.1">,
 span_id="\x7F\x86\xB2CMj\xAF\xCA",
 trace_id="\x8Bl\xB2\xBAn\x91\x80\vJ\x8C^W\xCA\x87m\x1F",
 trace_flags=#<OpenTelemetry::Trace::TraceFlags:0x00000001260d36e0 @flags=1>,
 tracestate=#<OpenTelemetry::Trace::Tracestate:0x00000001260d1598 @hash={}>>
#<struct OpenTelemetry::SDK::Trace::SpanData
 name="SELECT hc_testing_app_development",
 kind=:client,
 status=
  #<OpenTelemetry::Trace::Status:0x000000010a1ebb70 @code=1, @description="">,
 parent_span_id="\x02\fL\x17F\xBF\x96\xB2",
 total_recorded_attributes=7,
 total_recorded_events=0,
 total_recorded_links=0,
 start_timestamp=1713972246208212000,
 end_timestamp=1713972246228441000,
 attributes=
  {"db.system"=>"postgresql",
   "db.user"=>"bcarreno",
   "db.name"=>"hc_testing_app_development",
   "net.sock.family"=>"unix",
   "net.peer.name"=>"/tmp",
   "db.operation"=>"SELECT",
   "db.statement"=>
    "SELECT t.oid, t.typname, t.typelem, t.typdelim, t.typinput, r.rngsubtype, t.typtype, t.typbasetype\n" +
    "FROM pg_type as t\n" +
    "LEFT JOIN pg_range as r ON oid = rngtypid\n" +
    "WHERE\n" +
    "  t.typname IN (?, ?, ?, ?, ?, ?, ?, ?, ?, ?, ?, ?, ?, ?, ?, ?, ?, ?, ?, ?, ?, ?, ?, ?, ?, ?, ?, ?, ?, ?, ?, ?, ?, ?, ?, ?, ?, ?, ?, ?)\n"},
 links=nil,
 events=nil,
 resource=
  #<OpenTelemetry::SDK::Resources::Resource:0x000000012672b4c0
   @attributes=
    {"service.name"=>"HcTestingApp",
     "process.pid"=>72890,
     "process.command"=>"bin/rails",
     "process.runtime.name"=>"ruby",
     "process.runtime.version"=>"3.3.0",
     "process.runtime.description"=>
      "ruby 3.3.0 (2023-12-25 revision 5124f9ac75) [x86_64-darwin23]",
     "telemetry.sdk.name"=>"opentelemetry",
     "telemetry.sdk.language"=>"ruby",
     "telemetry.sdk.version"=>"1.4.1"}>,
 instrumentation_scope=
  #<struct OpenTelemetry::SDK::InstrumentationScope
   name="OpenTelemetry::Instrumentation::PG",
   version="0.27.1">,
 span_id="\x05\xC1(\xA7i\xEFbL",
 trace_id="\x8Bl\xB2\xBAn\x91\x80\vJ\x8C^W\xCA\x87m\x1F",
 trace_flags=#<OpenTelemetry::Trace::TraceFlags:0x00000001260d36e0 @flags=1>,
 tracestate=#<OpenTelemetry::Trace::Tracestate:0x00000001260d1598 @hash={}>>
#<struct OpenTelemetry::SDK::Trace::SpanData
 name="SELECT hc_testing_app_development",
 kind=:client,
 status=
  #<OpenTelemetry::Trace::Status:0x000000010a1ebb70 @code=1, @description="">,
 parent_span_id="\x02\fL\x17F\xBF\x96\xB2",
 total_recorded_attributes=7,
 total_recorded_events=0,
 total_recorded_links=0,
 start_timestamp=1713972246231222000,
 end_timestamp=1713972246232013000,
 attributes=
  {"db.system"=>"postgresql",
   "db.user"=>"bcarreno",
   "db.name"=>"hc_testing_app_development",
   "net.sock.family"=>"unix",
   "net.peer.name"=>"/tmp",
   "db.operation"=>"SELECT",
   "db.statement"=>
    "SELECT t.oid, t.typname, t.typelem, t.typdelim, t.typinput, r.rngsubtype, t.typtype, t.typbasetype\n" +
    "FROM pg_type as t\n" +
    "LEFT JOIN pg_range as r ON oid = rngtypid\n" +
    "WHERE\n" +
    "  t.typtype IN (?, ?, ?)\n"},
 links=nil,
 events=nil,
 resource=
  #<OpenTelemetry::SDK::Resources::Resource:0x000000012672b4c0
   @attributes=
    {"service.name"=>"HcTestingApp",
     "process.pid"=>72890,
     "process.command"=>"bin/rails",
     "process.runtime.name"=>"ruby",
     "process.runtime.version"=>"3.3.0",
     "process.runtime.description"=>
      "ruby 3.3.0 (2023-12-25 revision 5124f9ac75) [x86_64-darwin23]",
     "telemetry.sdk.name"=>"opentelemetry",
     "telemetry.sdk.language"=>"ruby",
     "telemetry.sdk.version"=>"1.4.1"}>,
 instrumentation_scope=
  #<struct OpenTelemetry::SDK::InstrumentationScope
   name="OpenTelemetry::Instrumentation::PG",
   version="0.27.1">,
 span_id="=\xE9z\xE0\xF6\xC8kW",
 trace_id="\x8Bl\xB2\xBAn\x91\x80\vJ\x8C^W\xCA\x87m\x1F",
 trace_flags=#<OpenTelemetry::Trace::TraceFlags:0x00000001260d36e0 @flags=1>,
 tracestate=#<OpenTelemetry::Trace::Tracestate:0x00000001260d1598 @hash={}>>
#<struct OpenTelemetry::SDK::Trace::SpanData
 name="SELECT hc_testing_app_development",
 kind=:client,
 status=
  #<OpenTelemetry::Trace::Status:0x000000010a1ebb70 @code=1, @description="">,
 parent_span_id="\x02\fL\x17F\xBF\x96\xB2",
 total_recorded_attributes=7,
 total_recorded_events=0,
 total_recorded_links=0,
 start_timestamp=1713972246234861000,
 end_timestamp=1713972246235909000,
 attributes=
  {"db.system"=>"postgresql",
   "db.user"=>"bcarreno",
   "db.name"=>"hc_testing_app_development",
   "net.sock.family"=>"unix",
   "net.peer.name"=>"/tmp",
   "db.operation"=>"SELECT",
   "db.statement"=>
    "SELECT t.oid, t.typname, t.typelem, t.typdelim, t.typinput, r.rngsubtype, t.typtype, t.typbasetype\n" +
    "FROM pg_type as t\n" +
    "LEFT JOIN pg_range as r ON oid = rngtypid\n" +
    "WHERE\n" +
    "  t.typelem IN (?, ?, ?, ?, ?, ?, ?, ?, ?, ?, ?, ?, ?, ?, ?, ?, ?, ?, ?, ?, ?, ?, ?, ?, ?, ?, ?, ?, ?, ?, ?, ?, ?, ?, ?, ?, ?, ?, ?, ?, ?, ?, ?, ?, ?, ?, ?, ?)\n"},
 links=nil,
 events=nil,
 resource=
  #<OpenTelemetry::SDK::Resources::Resource:0x000000012672b4c0
   @attributes=
    {"service.name"=>"HcTestingApp",
     "process.pid"=>72890,
     "process.command"=>"bin/rails",
     "process.runtime.name"=>"ruby",
     "process.runtime.version"=>"3.3.0",
     "process.runtime.description"=>
      "ruby 3.3.0 (2023-12-25 revision 5124f9ac75) [x86_64-darwin23]",
     "telemetry.sdk.name"=>"opentelemetry",
     "telemetry.sdk.language"=>"ruby",
     "telemetry.sdk.version"=>"1.4.1"}>,
 instrumentation_scope=
  #<struct OpenTelemetry::SDK::InstrumentationScope
   name="OpenTelemetry::Instrumentation::PG",
   version="0.27.1">,
 span_id="\x13\r\xA7\x83\xD5\xF5\xFE\n",
 trace_id="\x8Bl\xB2\xBAn\x91\x80\vJ\x8C^W\xCA\x87m\x1F",
 trace_flags=#<OpenTelemetry::Trace::TraceFlags:0x00000001260d36e0 @flags=1>,
 tracestate=#<OpenTelemetry::Trace::Tracestate:0x00000001260d1598 @hash={}>>
#<struct OpenTelemetry::SDK::Trace::SpanData
 name="hc_testing_app_development",
 kind=:client,
 status=
  #<OpenTelemetry::Trace::Status:0x000000010a1ebb70 @code=1, @description="">,
 parent_span_id="\x02\fL\x17F\xBF\x96\xB2",
 total_recorded_attributes=6,
 total_recorded_events=0,
 total_recorded_links=0,
 start_timestamp=1713972246240841000,
 end_timestamp=1713972246240916000,
 attributes=
  {"db.system"=>"postgresql",
   "db.user"=>"bcarreno",
   "db.name"=>"hc_testing_app_development",
   "net.sock.family"=>"unix",
   "net.peer.name"=>"/tmp",
   "db.statement"=>";"},
 links=nil,
 events=nil,
 resource=
  #<OpenTelemetry::SDK::Resources::Resource:0x000000012672b4c0
   @attributes=
    {"service.name"=>"HcTestingApp",
     "process.pid"=>72890,
     "process.command"=>"bin/rails",
     "process.runtime.name"=>"ruby",
     "process.runtime.version"=>"3.3.0",
     "process.runtime.description"=>
      "ruby 3.3.0 (2023-12-25 revision 5124f9ac75) [x86_64-darwin23]",
     "telemetry.sdk.name"=>"opentelemetry",
     "telemetry.sdk.language"=>"ruby",
     "telemetry.sdk.version"=>"1.4.1"}>,
 instrumentation_scope=
  #<struct OpenTelemetry::SDK::InstrumentationScope
   name="OpenTelemetry::Instrumentation::PG",
   version="0.27.1">,
 span_id="\v\xEB\xE7\xB8d\xB3og",
 trace_id="\x8Bl\xB2\xBAn\x91\x80\vJ\x8C^W\xCA\x87m\x1F",
 trace_flags=#<OpenTelemetry::Trace::TraceFlags:0x00000001260d36e0 @flags=1>,
 tracestate=#<OpenTelemetry::Trace::Tracestate:0x00000001260d1598 @hash={}>>
#<struct OpenTelemetry::SDK::Trace::SpanData
 name="SELECT hc_testing_app_development",
 kind=:client,
 status=
  #<OpenTelemetry::Trace::Status:0x000000010a1ebb70 @code=1, @description="">,
 parent_span_id="\x02\fL\x17F\xBF\x96\xB2",
 total_recorded_attributes=7,
 total_recorded_events=0,
 total_recorded_links=0,
 start_timestamp=1713972246243184000,
 end_timestamp=1713972246244246000,
 attributes=
  {"db.system"=>"postgresql",
   "db.user"=>"bcarreno",
   "db.name"=>"hc_testing_app_development",
   "net.sock.family"=>"unix",
   "net.peer.name"=>"/tmp",
   "db.operation"=>"SELECT",
   "db.statement"=>
    "SELECT c.relname FROM pg_class c LEFT JOIN pg_namespace n ON n.oid = c.relnamespace WHERE n.nspname = ANY (current_schemas(?)) AND c.relname = ? AND c.relkind IN (?,?)"},
 links=nil,
 events=nil,
 resource=
  #<OpenTelemetry::SDK::Resources::Resource:0x000000012672b4c0
   @attributes=
    {"service.name"=>"HcTestingApp",
     "process.pid"=>72890,
     "process.command"=>"bin/rails",
     "process.runtime.name"=>"ruby",
     "process.runtime.version"=>"3.3.0",
     "process.runtime.description"=>
      "ruby 3.3.0 (2023-12-25 revision 5124f9ac75) [x86_64-darwin23]",
     "telemetry.sdk.name"=>"opentelemetry",
     "telemetry.sdk.language"=>"ruby",
     "telemetry.sdk.version"=>"1.4.1"}>,
 instrumentation_scope=
  #<struct OpenTelemetry::SDK::InstrumentationScope
   name="OpenTelemetry::Instrumentation::PG",
   version="0.27.1">,
 span_id="\t\x9F\x94V\xB9b\td",
 trace_id="\x8Bl\xB2\xBAn\x91\x80\vJ\x8C^W\xCA\x87m\x1F",
 trace_flags=#<OpenTelemetry::Trace::TraceFlags:0x00000001260d36e0 @flags=1>,
 tracestate=#<OpenTelemetry::Trace::Tracestate:0x00000001260d1598 @hash={}>>
#<struct OpenTelemetry::SDK::Trace::SpanData
 name="SELECT hc_testing_app_development",
 kind=:client,
 status=
  #<OpenTelemetry::Trace::Status:0x000000010a1ebb70 @code=1, @description="">,
 parent_span_id="\x02\fL\x17F\xBF\x96\xB2",
 total_recorded_attributes=7,
 total_recorded_events=0,
 total_recorded_links=0,
 start_timestamp=1713972246246417000,
 end_timestamp=1713972246246845000,
 attributes=
  {"db.system"=>"postgresql",
   "db.user"=>"bcarreno",
   "db.name"=>"hc_testing_app_development",
   "net.sock.family"=>"unix",
   "net.peer.name"=>"/tmp",
   "db.operation"=>"SELECT",
   "db.statement"=>
    "SELECT c.relname FROM pg_class c LEFT JOIN pg_namespace n ON n.oid = c.relnamespace WHERE n.nspname = ANY (current_schemas(?)) AND c.relname = ? AND c.relkind IN (?,?)"},
 links=nil,
 events=nil,
 resource=
  #<OpenTelemetry::SDK::Resources::Resource:0x000000012672b4c0
   @attributes=
    {"service.name"=>"HcTestingApp",
     "process.pid"=>72890,
     "process.command"=>"bin/rails",
     "process.runtime.name"=>"ruby",
     "process.runtime.version"=>"3.3.0",
     "process.runtime.description"=>
      "ruby 3.3.0 (2023-12-25 revision 5124f9ac75) [x86_64-darwin23]",
     "telemetry.sdk.name"=>"opentelemetry",
     "telemetry.sdk.language"=>"ruby",
     "telemetry.sdk.version"=>"1.4.1"}>,
 instrumentation_scope=
  #<struct OpenTelemetry::SDK::InstrumentationScope
   name="OpenTelemetry::Instrumentation::PG",
   version="0.27.1">,
 span_id="\x94\xF7\x82{\x84@\xA7\xFE",
 trace_id="\x8Bl\xB2\xBAn\x91\x80\vJ\x8C^W\xCA\x87m\x1F",
 trace_flags=#<OpenTelemetry::Trace::TraceFlags:0x00000001260d36e0 @flags=1>,
 tracestate=#<OpenTelemetry::Trace::Tracestate:0x00000001260d1598 @hash={}>>
#<struct OpenTelemetry::SDK::Trace::SpanData
 name="SELECT hc_testing_app_development",
 kind=:client,
 status=
  #<OpenTelemetry::Trace::Status:0x000000010a1ebb70 @code=1, @description="">,
 parent_span_id="\x02\fL\x17F\xBF\x96\xB2",
 total_recorded_attributes=7,
 total_recorded_events=0,
 total_recorded_links=0,
 start_timestamp=1713972246249124000,
 end_timestamp=1713972246249689000,
 attributes=
  {"db.system"=>"postgresql",
   "db.user"=>"bcarreno",
   "db.name"=>"hc_testing_app_development",
   "net.sock.family"=>"unix",
   "net.peer.name"=>"/tmp",
   "db.operation"=>"SELECT",
   "db.statement"=>
    "SELECT \"schema_migrations\".\"version\" FROM \"schema_migrations\" ORDER BY \"schema_migrations\".\"version\" ASC"},
 links=nil,
 events=nil,
 resource=
  #<OpenTelemetry::SDK::Resources::Resource:0x000000012672b4c0
   @attributes=
    {"service.name"=>"HcTestingApp",
     "process.pid"=>72890,
     "process.command"=>"bin/rails",
     "process.runtime.name"=>"ruby",
     "process.runtime.version"=>"3.3.0",
     "process.runtime.description"=>
      "ruby 3.3.0 (2023-12-25 revision 5124f9ac75) [x86_64-darwin23]",
     "telemetry.sdk.name"=>"opentelemetry",
     "telemetry.sdk.language"=>"ruby",
     "telemetry.sdk.version"=>"1.4.1"}>,
 instrumentation_scope=
  #<struct OpenTelemetry::SDK::InstrumentationScope
   name="OpenTelemetry::Instrumentation::PG",
   version="0.27.1">,
 span_id="\xE1\xEB\x81\xE3\xA0\xF4\xBA^",
 trace_id="\x8Bl\xB2\xBAn\x91\x80\vJ\x8C^W\xCA\x87m\x1F",
 trace_flags=#<OpenTelemetry::Trace::TraceFlags:0x00000001260d36e0 @flags=1>,
 tracestate=#<OpenTelemetry::Trace::Tracestate:0x00000001260d1598 @hash={}>>
  [1m[36mActiveRecord::SchemaMigration Load (2.6ms)[0m  [1m[34mSELECT "schema_migrations"."version" FROM "schema_migrations" ORDER BY "schema_migrations"."version" ASC[0m
Processing by PostsController#index as HTML
  Rendering layout layouts/application.html.erb
  Rendering posts/index.html.erb within layouts/application
#<struct OpenTelemetry::SDK::Trace::SpanData
 name="SET hc_testing_app_development",
 kind=:client,
 status=
  #<OpenTelemetry::Trace::Status:0x000000010a1ebb70 @code=1, @description="">,
 parent_span_id="\xE8\xCB\xE6\x9A*\xBB8\xCB",
 total_recorded_attributes=7,
 total_recorded_events=0,
 total_recorded_links=0,
 start_timestamp=1713972246330675000,
 end_timestamp=1713972246330751000,
 attributes=
  {"db.system"=>"postgresql",
   "db.user"=>"bcarreno",
   "db.name"=>"hc_testing_app_development",
   "net.sock.family"=>"unix",
   "net.peer.name"=>"/tmp",
   "db.operation"=>"SET",
   "db.statement"=>"SET client_min_messages TO ?"},
 links=nil,
 events=nil,
 resource=
  #<OpenTelemetry::SDK::Resources::Resource:0x000000012672b4c0
   @attributes=
    {"service.name"=>"HcTestingApp",
     "process.pid"=>72890,
     "process.command"=>"bin/rails",
     "process.runtime.name"=>"ruby",
     "process.runtime.version"=>"3.3.0",
     "process.runtime.description"=>
      "ruby 3.3.0 (2023-12-25 revision 5124f9ac75) [x86_64-darwin23]",
     "telemetry.sdk.name"=>"opentelemetry",
     "telemetry.sdk.language"=>"ruby",
     "telemetry.sdk.version"=>"1.4.1"}>,
 instrumentation_scope=
  #<struct OpenTelemetry::SDK::InstrumentationScope
   name="OpenTelemetry::Instrumentation::PG",
   version="0.27.1">,
 span_id="\xE8\xE9\xE7\xF4Bu\xFF5",
 trace_id="\x8Bl\xB2\xBAn\x91\x80\vJ\x8C^W\xCA\x87m\x1F",
 trace_flags=#<OpenTelemetry::Trace::TraceFlags:0x00000001260d36e0 @flags=1>,
 tracestate=#<OpenTelemetry::Trace::Tracestate:0x00000001260d1598 @hash={}>>
#<struct OpenTelemetry::SDK::Trace::SpanData
 name="SET hc_testing_app_development",
 kind=:client,
 status=
  #<OpenTelemetry::Trace::Status:0x000000010a1ebb70 @code=1, @description="">,
 parent_span_id="\xE8\xCB\xE6\x9A*\xBB8\xCB",
 total_recorded_attributes=7,
 total_recorded_events=0,
 total_recorded_links=0,
 start_timestamp=1713972246333115000,
 end_timestamp=1713972246333188000,
 attributes=
  {"db.system"=>"postgresql",
   "db.user"=>"bcarreno",
   "db.name"=>"hc_testing_app_development",
   "net.sock.family"=>"unix",
   "net.peer.name"=>"/tmp",
   "db.operation"=>"SET",
   "db.statement"=>"SET standard_conforming_strings = on"},
 links=nil,
 events=nil,
 resource=
  #<OpenTelemetry::SDK::Resources::Resource:0x000000012672b4c0
   @attributes=
    {"service.name"=>"HcTestingApp",
     "process.pid"=>72890,
     "process.command"=>"bin/rails",
     "process.runtime.name"=>"ruby",
     "process.runtime.version"=>"3.3.0",
     "process.runtime.description"=>
      "ruby 3.3.0 (2023-12-25 revision 5124f9ac75) [x86_64-darwin23]",
     "telemetry.sdk.name"=>"opentelemetry",
     "telemetry.sdk.language"=>"ruby",
     "telemetry.sdk.version"=>"1.4.1"}>,
 instrumentation_scope=
  #<struct OpenTelemetry::SDK::InstrumentationScope
   name="OpenTelemetry::Instrumentation::PG",
   version="0.27.1">,
 span_id="\xAD%N\xC54\x8A\x02\x0F",
 trace_id="\x8Bl\xB2\xBAn\x91\x80\vJ\x8C^W\xCA\x87m\x1F",
 trace_flags=#<OpenTelemetry::Trace::TraceFlags:0x00000001260d36e0 @flags=1>,
 tracestate=#<OpenTelemetry::Trace::Tracestate:0x00000001260d1598 @hash={}>>
#<struct OpenTelemetry::SDK::Trace::SpanData
 name="SET hc_testing_app_development",
 kind=:client,
 status=
  #<OpenTelemetry::Trace::Status:0x000000010a1ebb70 @code=1, @description="">,
 parent_span_id="\xE8\xCB\xE6\x9A*\xBB8\xCB",
 total_recorded_attributes=7,
 total_recorded_events=0,
 total_recorded_links=0,
 start_timestamp=1713972246335275000,
 end_timestamp=1713972246335343000,
 attributes=
  {"db.system"=>"postgresql",
   "db.user"=>"bcarreno",
   "db.name"=>"hc_testing_app_development",
   "net.sock.family"=>"unix",
   "net.peer.name"=>"/tmp",
   "db.operation"=>"SET",
   "db.statement"=>"SET intervalstyle = iso_8601"},
 links=nil,
 events=nil,
 resource=
  #<OpenTelemetry::SDK::Resources::Resource:0x000000012672b4c0
   @attributes=
    {"service.name"=>"HcTestingApp",
     "process.pid"=>72890,
     "process.command"=>"bin/rails",
     "process.runtime.name"=>"ruby",
     "process.runtime.version"=>"3.3.0",
     "process.runtime.description"=>
      "ruby 3.3.0 (2023-12-25 revision 5124f9ac75) [x86_64-darwin23]",
     "telemetry.sdk.name"=>"opentelemetry",
     "telemetry.sdk.language"=>"ruby",
     "telemetry.sdk.version"=>"1.4.1"}>,
 instrumentation_scope=
  #<struct OpenTelemetry::SDK::InstrumentationScope
   name="OpenTelemetry::Instrumentation::PG",
   version="0.27.1">,
 span_id="\xB0\xDFm\x80\x0E\x94 m",
 trace_id="\x8Bl\xB2\xBAn\x91\x80\vJ\x8C^W\xCA\x87m\x1F",
 trace_flags=#<OpenTelemetry::Trace::TraceFlags:0x00000001260d36e0 @flags=1>,
 tracestate=#<OpenTelemetry::Trace::Tracestate:0x00000001260d1598 @hash={}>>
#<struct OpenTelemetry::SDK::Trace::SpanData
 name="SELECT hc_testing_app_development",
 kind=:client,
 status=
  #<OpenTelemetry::Trace::Status:0x000000010a1ebb70 @code=1, @description="">,
 parent_span_id="\xE8\xCB\xE6\x9A*\xBB8\xCB",
 total_recorded_attributes=7,
 total_recorded_events=0,
 total_recorded_links=0,
 start_timestamp=1713972246337270000,
 end_timestamp=1713972246338579000,
 attributes=
  {"db.system"=>"postgresql",
   "db.user"=>"bcarreno",
   "db.name"=>"hc_testing_app_development",
   "net.sock.family"=>"unix",
   "net.peer.name"=>"/tmp",
   "db.operation"=>"SELECT",
   "db.statement"=>
    "SELECT t.oid, t.typname\n" +
    "FROM pg_type as t\n" +
    "WHERE t.typname IN (?, ?, ?, ?, ?, ?, ?, ?, ?, ?)\n"},
 links=nil,
 events=nil,
 resource=
  #<OpenTelemetry::SDK::Resources::Resource:0x000000012672b4c0
   @attributes=
    {"service.name"=>"HcTestingApp",
     "process.pid"=>72890,
     "process.command"=>"bin/rails",
     "process.runtime.name"=>"ruby",
     "process.runtime.version"=>"3.3.0",
     "process.runtime.description"=>
      "ruby 3.3.0 (2023-12-25 revision 5124f9ac75) [x86_64-darwin23]",
     "telemetry.sdk.name"=>"opentelemetry",
     "telemetry.sdk.language"=>"ruby",
     "telemetry.sdk.version"=>"1.4.1"}>,
 instrumentation_scope=
  #<struct OpenTelemetry::SDK::InstrumentationScope
   name="OpenTelemetry::Instrumentation::PG",
   version="0.27.1">,
 span_id="\xE4\xF1Y\xF1\xA5\xA8\x10H",
 trace_id="\x8Bl\xB2\xBAn\x91\x80\vJ\x8C^W\xCA\x87m\x1F",
 trace_flags=#<OpenTelemetry::Trace::TraceFlags:0x00000001260d36e0 @flags=1>,
 tracestate=#<OpenTelemetry::Trace::Tracestate:0x00000001260d1598 @hash={}>>
#<struct OpenTelemetry::SDK::Trace::SpanData
 name="SET hc_testing_app_development",
 kind=:client,
 status=
  #<OpenTelemetry::Trace::Status:0x000000010a1ebb70 @code=1, @description="">,
 parent_span_id="\xE8\xCB\xE6\x9A*\xBB8\xCB",
 total_recorded_attributes=7,
 total_recorded_events=0,
 total_recorded_links=0,
 start_timestamp=1713972246340747000,
 end_timestamp=1713972246341301000,
 attributes=
  {"db.system"=>"postgresql",
   "db.user"=>"bcarreno",
   "db.name"=>"hc_testing_app_development",
   "net.sock.family"=>"unix",
   "net.peer.name"=>"/tmp",
   "db.operation"=>"SET",
   "db.statement"=>"SET SESSION timezone TO ?"},
 links=nil,
 events=nil,
 resource=
  #<OpenTelemetry::SDK::Resources::Resource:0x000000012672b4c0
   @attributes=
    {"service.name"=>"HcTestingApp",
     "process.pid"=>72890,
     "process.command"=>"bin/rails",
     "process.runtime.name"=>"ruby",
     "process.runtime.version"=>"3.3.0",
     "process.runtime.description"=>
      "ruby 3.3.0 (2023-12-25 revision 5124f9ac75) [x86_64-darwin23]",
     "telemetry.sdk.name"=>"opentelemetry",
     "telemetry.sdk.language"=>"ruby",
     "telemetry.sdk.version"=>"1.4.1"}>,
 instrumentation_scope=
  #<struct OpenTelemetry::SDK::InstrumentationScope
   name="OpenTelemetry::Instrumentation::PG",
   version="0.27.1">,
 span_id="3:\x99\x8D\xD7og\xCA",
 trace_id="\x8Bl\xB2\xBAn\x91\x80\vJ\x8C^W\xCA\x87m\x1F",
 trace_flags=#<OpenTelemetry::Trace::TraceFlags:0x00000001260d36e0 @flags=1>,
 tracestate=#<OpenTelemetry::Trace::Tracestate:0x00000001260d1598 @hash={}>>
#<struct OpenTelemetry::SDK::Trace::SpanData
 name="SELECT hc_testing_app_development",
 kind=:client,
 status=
  #<OpenTelemetry::Trace::Status:0x000000010a1ebb70 @code=1, @description="">,
 parent_span_id="\xE8\xCB\xE6\x9A*\xBB8\xCB",
 total_recorded_attributes=7,
 total_recorded_events=0,
 total_recorded_links=0,
 start_timestamp=1713972246343863000,
 end_timestamp=1713972246345634000,
 attributes=
  {"db.system"=>"postgresql",
   "db.user"=>"bcarreno",
   "db.name"=>"hc_testing_app_development",
   "net.sock.family"=>"unix",
   "net.peer.name"=>"/tmp",
   "db.operation"=>"SELECT",
   "db.statement"=>
    "SELECT t.oid, t.typname, t.typelem, t.typdelim, t.typinput, r.rngsubtype, t.typtype, t.typbasetype\n" +
    "FROM pg_type as t\n" +
    "LEFT JOIN pg_range as r ON oid = rngtypid\n" +
    "WHERE\n" +
    "  t.typname IN (?, ?, ?, ?, ?, ?, ?, ?, ?, ?, ?, ?, ?, ?, ?, ?, ?, ?, ?, ?, ?, ?, ?, ?, ?, ?, ?, ?, ?, ?, ?, ?, ?, ?, ?, ?, ?, ?, ?, ?)\n"},
 links=nil,
 events=nil,
 resource=
  #<OpenTelemetry::SDK::Resources::Resource:0x000000012672b4c0
   @attributes=
    {"service.name"=>"HcTestingApp",
     "process.pid"=>72890,
     "process.command"=>"bin/rails",
     "process.runtime.name"=>"ruby",
     "process.runtime.version"=>"3.3.0",
     "process.runtime.description"=>
      "ruby 3.3.0 (2023-12-25 revision 5124f9ac75) [x86_64-darwin23]",
     "telemetry.sdk.name"=>"opentelemetry",
     "telemetry.sdk.language"=>"ruby",
     "telemetry.sdk.version"=>"1.4.1"}>,
 instrumentation_scope=
  #<struct OpenTelemetry::SDK::InstrumentationScope
   name="OpenTelemetry::Instrumentation::PG",
   version="0.27.1">,
 span_id="\x05\xDA\xAE\a\xA7\x87\x96'",
 trace_id="\x8Bl\xB2\xBAn\x91\x80\vJ\x8C^W\xCA\x87m\x1F",
 trace_flags=#<OpenTelemetry::Trace::TraceFlags:0x00000001260d36e0 @flags=1>,
 tracestate=#<OpenTelemetry::Trace::Tracestate:0x00000001260d1598 @hash={}>>
#<struct OpenTelemetry::SDK::Trace::SpanData
 name="SELECT hc_testing_app_development",
 kind=:client,
 status=
  #<OpenTelemetry::Trace::Status:0x000000010a1ebb70 @code=1, @description="">,
 parent_span_id="\xE8\xCB\xE6\x9A*\xBB8\xCB",
 total_recorded_attributes=7,
 total_recorded_events=0,
 total_recorded_links=0,
 start_timestamp=1713972246347921000,
 end_timestamp=1713972246348564000,
 attributes=
  {"db.system"=>"postgresql",
   "db.user"=>"bcarreno",
   "db.name"=>"hc_testing_app_development",
   "net.sock.family"=>"unix",
   "net.peer.name"=>"/tmp",
   "db.operation"=>"SELECT",
   "db.statement"=>
    "SELECT t.oid, t.typname, t.typelem, t.typdelim, t.typinput, r.rngsubtype, t.typtype, t.typbasetype\n" +
    "FROM pg_type as t\n" +
    "LEFT JOIN pg_range as r ON oid = rngtypid\n" +
    "WHERE\n" +
    "  t.typtype IN (?, ?, ?)\n"},
 links=nil,
 events=nil,
 resource=
  #<OpenTelemetry::SDK::Resources::Resource:0x000000012672b4c0
   @attributes=
    {"service.name"=>"HcTestingApp",
     "process.pid"=>72890,
     "process.command"=>"bin/rails",
     "process.runtime.name"=>"ruby",
     "process.runtime.version"=>"3.3.0",
     "process.runtime.description"=>
      "ruby 3.3.0 (2023-12-25 revision 5124f9ac75) [x86_64-darwin23]",
     "telemetry.sdk.name"=>"opentelemetry",
     "telemetry.sdk.language"=>"ruby",
     "telemetry.sdk.version"=>"1.4.1"}>,
 instrumentation_scope=
  #<struct OpenTelemetry::SDK::InstrumentationScope
   name="OpenTelemetry::Instrumentation::PG",
   version="0.27.1">,
 span_id="AP]X\xCD\xE8\x1Au",
 trace_id="\x8Bl\xB2\xBAn\x91\x80\vJ\x8C^W\xCA\x87m\x1F",
 trace_flags=#<OpenTelemetry::Trace::TraceFlags:0x00000001260d36e0 @flags=1>,
 tracestate=#<OpenTelemetry::Trace::Tracestate:0x00000001260d1598 @hash={}>>
#<struct OpenTelemetry::SDK::Trace::SpanData
 name="SELECT hc_testing_app_development",
 kind=:client,
 status=
  #<OpenTelemetry::Trace::Status:0x000000010a1ebb70 @code=1, @description="">,
 parent_span_id="\xE8\xCB\xE6\x9A*\xBB8\xCB",
 total_recorded_attributes=7,
 total_recorded_events=0,
 total_recorded_links=0,
 start_timestamp=1713972246351134000,
 end_timestamp=1713972246351681000,
 attributes=
  {"db.system"=>"postgresql",
   "db.user"=>"bcarreno",
   "db.name"=>"hc_testing_app_development",
   "net.sock.family"=>"unix",
   "net.peer.name"=>"/tmp",
   "db.operation"=>"SELECT",
   "db.statement"=>
    "SELECT t.oid, t.typname, t.typelem, t.typdelim, t.typinput, r.rngsubtype, t.typtype, t.typbasetype\n" +
    "FROM pg_type as t\n" +
    "LEFT JOIN pg_range as r ON oid = rngtypid\n" +
    "WHERE\n" +
    "  t.typelem IN (?, ?, ?, ?, ?, ?, ?, ?, ?, ?, ?, ?, ?, ?, ?, ?, ?, ?, ?, ?, ?, ?, ?, ?, ?, ?, ?, ?, ?, ?, ?, ?, ?, ?, ?, ?, ?, ?, ?, ?, ?, ?, ?, ?, ?, ?, ?, ?)\n"},
 links=nil,
 events=nil,
 resource=
  #<OpenTelemetry::SDK::Resources::Resource:0x000000012672b4c0
   @attributes=
    {"service.name"=>"HcTestingApp",
     "process.pid"=>72890,
     "process.command"=>"bin/rails",
     "process.runtime.name"=>"ruby",
     "process.runtime.version"=>"3.3.0",
     "process.runtime.description"=>
      "ruby 3.3.0 (2023-12-25 revision 5124f9ac75) [x86_64-darwin23]",
     "telemetry.sdk.name"=>"opentelemetry",
     "telemetry.sdk.language"=>"ruby",
     "telemetry.sdk.version"=>"1.4.1"}>,
 instrumentation_scope=
  #<struct OpenTelemetry::SDK::InstrumentationScope
   name="OpenTelemetry::Instrumentation::PG",
   version="0.27.1">,
 span_id="\xBD\xD34\x87D\xB4\xCAA",
 trace_id="\x8Bl\xB2\xBAn\x91\x80\vJ\x8C^W\xCA\x87m\x1F",
 trace_flags=#<OpenTelemetry::Trace::TraceFlags:0x00000001260d36e0 @flags=1>,
 tracestate=#<OpenTelemetry::Trace::Tracestate:0x00000001260d1598 @hash={}>>
#<struct OpenTelemetry::SDK::Trace::SpanData
 name="hc_testing_app_development",
 kind=:client,
 status=
  #<OpenTelemetry::Trace::Status:0x000000010a1ebb70 @code=1, @description="">,
 parent_span_id="\xE8\xCB\xE6\x9A*\xBB8\xCB",
 total_recorded_attributes=6,
 total_recorded_events=0,
 total_recorded_links=0,
 start_timestamp=1713972246354156000,
 end_timestamp=1713972246354259000,
 attributes=
  {"db.system"=>"postgresql",
   "db.user"=>"bcarreno",
   "db.name"=>"hc_testing_app_development",
   "net.sock.family"=>"unix",
   "net.peer.name"=>"/tmp",
   "db.statement"=>";"},
 links=nil,
 events=nil,
 resource=
  #<OpenTelemetry::SDK::Resources::Resource:0x000000012672b4c0
   @attributes=
    {"service.name"=>"HcTestingApp",
     "process.pid"=>72890,
     "process.command"=>"bin/rails",
     "process.runtime.name"=>"ruby",
     "process.runtime.version"=>"3.3.0",
     "process.runtime.description"=>
      "ruby 3.3.0 (2023-12-25 revision 5124f9ac75) [x86_64-darwin23]",
     "telemetry.sdk.name"=>"opentelemetry",
     "telemetry.sdk.language"=>"ruby",
     "telemetry.sdk.version"=>"1.4.1"}>,
 instrumentation_scope=
  #<struct OpenTelemetry::SDK::InstrumentationScope
   name="OpenTelemetry::Instrumentation::PG",
   version="0.27.1">,
 span_id="4\x84%\xCC\xBE%d|",
 trace_id="\x8Bl\xB2\xBAn\x91\x80\vJ\x8C^W\xCA\x87m\x1F",
 trace_flags=#<OpenTelemetry::Trace::TraceFlags:0x00000001260d36e0 @flags=1>,
 tracestate=#<OpenTelemetry::Trace::Tracestate:0x00000001260d1598 @hash={}>>
#<struct OpenTelemetry::SDK::Trace::SpanData
 name="SELECT hc_testing_app_development",
 kind=:client,
 status=
  #<OpenTelemetry::Trace::Status:0x000000010a1ebb70 @code=1, @description="">,
 parent_span_id="\xE8\xCB\xE6\x9A*\xBB8\xCB",
 total_recorded_attributes=7,
 total_recorded_events=0,
 total_recorded_links=0,
 start_timestamp=1713972246356208000,
 end_timestamp=1713972246356693000,
 attributes=
  {"db.system"=>"postgresql",
   "db.user"=>"bcarreno",
   "db.name"=>"hc_testing_app_development",
   "net.sock.family"=>"unix",
   "net.peer.name"=>"/tmp",
   "db.operation"=>"SELECT",
   "db.statement"=>"SELECT \"posts\".* FROM \"posts\""},
 links=nil,
 events=nil,
 resource=
  #<OpenTelemetry::SDK::Resources::Resource:0x000000012672b4c0
   @attributes=
    {"service.name"=>"HcTestingApp",
     "process.pid"=>72890,
     "process.command"=>"bin/rails",
     "process.runtime.name"=>"ruby",
     "process.runtime.version"=>"3.3.0",
     "process.runtime.description"=>
      "ruby 3.3.0 (2023-12-25 revision 5124f9ac75) [x86_64-darwin23]",
     "telemetry.sdk.name"=>"opentelemetry",
     "telemetry.sdk.language"=>"ruby",
     "telemetry.sdk.version"=>"1.4.1"}>,
 instrumentation_scope=
  #<struct OpenTelemetry::SDK::InstrumentationScope
   name="OpenTelemetry::Instrumentation::PG",
   version="0.27.1">,
 span_id="Uy\x04\x13\x17\x17\xDD\x9E",
 trace_id="\x8Bl\xB2\xBAn\x91\x80\vJ\x8C^W\xCA\x87m\x1F",
 trace_flags=#<OpenTelemetry::Trace::TraceFlags:0x00000001260d36e0 @flags=1>,
 tracestate=#<OpenTelemetry::Trace::Tracestate:0x00000001260d1598 @hash={}>>
  [1m[36mPost Load (4.3ms)[0m  [1m[34mSELECT "posts".* FROM "posts"[0m
  ↳ app/views/posts/index.html.erb:6
#<struct OpenTelemetry::SDK::Trace::SpanData
 name="SELECT hc_testing_app_development",
 kind=:client,
 status=
  #<OpenTelemetry::Trace::Status:0x000000010a1ebb70 @code=1, @description="">,
 parent_span_id="\xE8\xCB\xE6\x9A*\xBB8\xCB",
 total_recorded_attributes=7,
 total_recorded_events=0,
 total_recorded_links=0,
 start_timestamp=1713972246359185000,
 end_timestamp=1713972246381141000,
 attributes=
  {"db.system"=>"postgresql",
   "db.user"=>"bcarreno",
   "db.name"=>"hc_testing_app_development",
   "net.sock.family"=>"unix",
   "net.peer.name"=>"/tmp",
   "db.operation"=>"SELECT",
   "db.statement"=>
    "SELECT a.attname, format_type(a.atttypid, a.atttypmod),\n" +
    "       pg_get_expr(d.adbin, d.adrelid), a.attnotnull, a.atttypid, a.atttypmod,\n" +
    "       c.collname, col_description(a.attrelid, a.attnum) AS comment,\n" +
    "       attidentity AS identity,\n" +
    "       attgenerated as attgenerated\n" +
    "  FROM pg_attribute a\n" +
    "  LEFT JOIN pg_attrdef d ON a.attrelid = d.adrelid AND a.attnum = d.adnum\n" +
    "  LEFT JOIN pg_type t ON a.atttypid = t.oid\n" +
    "  LEFT JOIN pg_collation c ON a.attcollation = c.oid AND a.attcollation <> t.typcollation\n" +
    " WHERE a.attrelid = ?::regclass\n" +
    "   AND a.attnum > ? AND NOT a.attisdropped\n" +
    " ORDER BY a.attnum\n"},
 links=nil,
 events=nil,
 resource=
  #<OpenTelemetry::SDK::Resources::Resource:0x000000012672b4c0
   @attributes=
    {"service.name"=>"HcTestingApp",
     "process.pid"=>72890,
     "process.command"=>"bin/rails",
     "process.runtime.name"=>"ruby",
     "process.runtime.version"=>"3.3.0",
     "process.runtime.description"=>
      "ruby 3.3.0 (2023-12-25 revision 5124f9ac75) [x86_64-darwin23]",
     "telemetry.sdk.name"=>"opentelemetry",
     "telemetry.sdk.language"=>"ruby",
     "telemetry.sdk.version"=>"1.4.1"}>,
 instrumentation_scope=
  #<struct OpenTelemetry::SDK::InstrumentationScope
   name="OpenTelemetry::Instrumentation::PG",
   version="0.27.1">,
 span_id="\xDB\x93\xB4k~\xCE\xD5 ",
 trace_id="\x8Bl\xB2\xBAn\x91\x80\vJ\x8C^W\xCA\x87m\x1F",
 trace_flags=#<OpenTelemetry::Trace::TraceFlags:0x00000001260d36e0 @flags=1>,
 tracestate=#<OpenTelemetry::Trace::Tracestate:0x00000001260d1598 @hash={}>>
#<struct OpenTelemetry::SDK::Trace::SpanData
 name="SHOW hc_testing_app_development",
 kind=:client,
 status=
  #<OpenTelemetry::Trace::Status:0x000000010a1ebb70 @code=1, @description="">,
 parent_span_id="\xE8\xCB\xE6\x9A*\xBB8\xCB",
 total_recorded_attributes=7,
 total_recorded_events=0,
 total_recorded_links=0,
 start_timestamp=1713972246385427000,
 end_timestamp=1713972246385617000,
 attributes=
  {"db.system"=>"postgresql",
   "db.user"=>"bcarreno",
   "db.name"=>"hc_testing_app_development",
   "net.sock.family"=>"unix",
   "net.peer.name"=>"/tmp",
   "db.operation"=>"SHOW",
   "db.statement"=>"SHOW max_identifier_length"},
 links=nil,
 events=nil,
 resource=
  #<OpenTelemetry::SDK::Resources::Resource:0x000000012672b4c0
   @attributes=
    {"service.name"=>"HcTestingApp",
     "process.pid"=>72890,
     "process.command"=>"bin/rails",
     "process.runtime.name"=>"ruby",
     "process.runtime.version"=>"3.3.0",
     "process.runtime.description"=>
      "ruby 3.3.0 (2023-12-25 revision 5124f9ac75) [x86_64-darwin23]",
     "telemetry.sdk.name"=>"opentelemetry",
     "telemetry.sdk.language"=>"ruby",
     "telemetry.sdk.version"=>"1.4.1"}>,
 instrumentation_scope=
  #<struct OpenTelemetry::SDK::InstrumentationScope
   name="OpenTelemetry::Instrumentation::PG",
   version="0.27.1">,
 span_id="\xCC\xD6\xABG*!\xAA\xA6",
 trace_id="\x8Bl\xB2\xBAn\x91\x80\vJ\x8C^W\xCA\x87m\x1F",
 trace_flags=#<OpenTelemetry::Trace::TraceFlags:0x00000001260d36e0 @flags=1>,
 tracestate=#<OpenTelemetry::Trace::Tracestate:0x00000001260d1598 @hash={}>>
#<struct OpenTelemetry::SDK::Trace::SpanData
 name="SELECT hc_testing_app_development",
 kind=:client,
 status=
  #<OpenTelemetry::Trace::Status:0x000000010a1ebb70 @code=1, @description="">,
 parent_span_id="\xE8\xCB\xE6\x9A*\xBB8\xCB",
 total_recorded_attributes=7,
 total_recorded_events=0,
 total_recorded_links=0,
 start_timestamp=1713972246389087000,
 end_timestamp=1713972246389931000,
 attributes=
  {"db.system"=>"postgresql",
   "db.user"=>"bcarreno",
   "db.name"=>"hc_testing_app_development",
   "net.sock.family"=>"unix",
   "net.peer.name"=>"/tmp",
   "db.operation"=>"SELECT",
   "db.statement"=>
    "SELECT c.relname FROM pg_class c LEFT JOIN pg_namespace n ON n.oid = c.relnamespace WHERE n.nspname = ANY (current_schemas(?)) AND c.relkind IN (?,?,?,?,?)"},
 links=nil,
 events=nil,
 resource=
  #<OpenTelemetry::SDK::Resources::Resource:0x000000012672b4c0
   @attributes=
    {"service.name"=>"HcTestingApp",
     "process.pid"=>72890,
     "process.command"=>"bin/rails",
     "process.runtime.name"=>"ruby",
     "process.runtime.version"=>"3.3.0",
     "process.runtime.description"=>
      "ruby 3.3.0 (2023-12-25 revision 5124f9ac75) [x86_64-darwin23]",
     "telemetry.sdk.name"=>"opentelemetry",
     "telemetry.sdk.language"=>"ruby",
     "telemetry.sdk.version"=>"1.4.1"}>,
 instrumentation_scope=
  #<struct OpenTelemetry::SDK::InstrumentationScope
   name="OpenTelemetry::Instrumentation::PG",
   version="0.27.1">,
 span_id="\f\xF4\xB0\x915\xED\x81\xEB",
 trace_id="\x8Bl\xB2\xBAn\x91\x80\vJ\x8C^W\xCA\x87m\x1F",
 trace_flags=#<OpenTelemetry::Trace::TraceFlags:0x00000001260d36e0 @flags=1>,
 tracestate=#<OpenTelemetry::Trace::Tracestate:0x00000001260d1598 @hash={}>>
#<struct OpenTelemetry::SDK::Trace::SpanData
 name="SELECT hc_testing_app_development",
 kind=:client,
 status=
  #<OpenTelemetry::Trace::Status:0x000000010a1ebb70 @code=1, @description="">,
 parent_span_id="\xE8\xCB\xE6\x9A*\xBB8\xCB",
 total_recorded_attributes=7,
 total_recorded_events=0,
 total_recorded_links=0,
 start_timestamp=1713972246392514000,
 end_timestamp=1713972246396189000,
 attributes=
  {"db.system"=>"postgresql",
   "db.user"=>"bcarreno",
   "db.name"=>"hc_testing_app_development",
   "net.sock.family"=>"unix",
   "net.peer.name"=>"/tmp",
   "db.operation"=>"SELECT",
   "db.statement"=>
    "SELECT a.attname\n" +
    "  FROM (\n" +
    "         SELECT indrelid, indkey, generate_subscripts(indkey, ?) idx\n" +
    "           FROM pg_index\n" +
    "          WHERE indrelid = ?::regclass\n" +
    "            AND indisprimary\n" +
    "       ) i\n" +
    "  JOIN pg_attribute a\n" +
    "    ON a.attrelid = i.indrelid\n" +
    "   AND a.attnum = i.indkey[i.idx]\n" +
    " ORDER BY i.idx\n"},
 links=nil,
 events=nil,
 resource=
  #<OpenTelemetry::SDK::Resources::Resource:0x000000012672b4c0
   @attributes=
    {"service.name"=>"HcTestingApp",
     "process.pid"=>72890,
     "process.command"=>"bin/rails",
     "process.runtime.name"=>"ruby",
     "process.runtime.version"=>"3.3.0",
     "process.runtime.description"=>
      "ruby 3.3.0 (2023-12-25 revision 5124f9ac75) [x86_64-darwin23]",
     "telemetry.sdk.name"=>"opentelemetry",
     "telemetry.sdk.language"=>"ruby",
     "telemetry.sdk.version"=>"1.4.1"}>,
 instrumentation_scope=
  #<struct OpenTelemetry::SDK::InstrumentationScope
   name="OpenTelemetry::Instrumentation::PG",
   version="0.27.1">,
 span_id="\r\xBA\a\xF2\x93\xE8\x8B\x83",
 trace_id="\x8Bl\xB2\xBAn\x91\x80\vJ\x8C^W\xCA\x87m\x1F",
 trace_flags=#<OpenTelemetry::Trace::TraceFlags:0x00000001260d36e0 @flags=1>,
 tracestate=#<OpenTelemetry::Trace::Tracestate:0x00000001260d1598 @hash={}>>
#<struct OpenTelemetry::SDK::Trace::SpanData
 name="action_view render_partial",
 kind=:internal,
 status=
  #<OpenTelemetry::Trace::Status:0x000000010a1ebb70 @code=1, @description="">,
 parent_span_id="\xE8\xCB\xE6\x9A*\xBB8\xCB",
 total_recorded_attributes=1,
 total_recorded_events=0,
 total_recorded_links=0,
 start_timestamp=1713972246423881000,
 end_timestamp=1713972246424343000,
 attributes=
  {"identifier"=>
    "/Users/bcarreno/prj/honeycomb-testing-app/app/views/posts/_post.html.erb"},
 links=nil,
 events=nil,
 resource=
  #<OpenTelemetry::SDK::Resources::Resource:0x000000012672b4c0
   @attributes=
    {"service.name"=>"HcTestingApp",
     "process.pid"=>72890,
     "process.command"=>"bin/rails",
     "process.runtime.name"=>"ruby",
     "process.runtime.version"=>"3.3.0",
     "process.runtime.description"=>
      "ruby 3.3.0 (2023-12-25 revision 5124f9ac75) [x86_64-darwin23]",
     "telemetry.sdk.name"=>"opentelemetry",
     "telemetry.sdk.language"=>"ruby",
     "telemetry.sdk.version"=>"1.4.1"}>,
 instrumentation_scope=
  #<struct OpenTelemetry::SDK::InstrumentationScope
   name="OpenTelemetry::Instrumentation::ActionView",
   version="0.7.0">,
 span_id="\xDE\x93\x8D\xAC\xFA\xE8\x96\xAA",
 trace_id="\x8Bl\xB2\xBAn\x91\x80\vJ\x8C^W\xCA\x87m\x1F",
 trace_flags=#<OpenTelemetry::Trace::TraceFlags:0x00000001260d36e0 @flags=1>,
 tracestate=#<OpenTelemetry::Trace::Tracestate:0x00000001260d1598 @hash={}>>
  Rendered posts/_post.html.erb (Duration: 2.8ms | Allocations: 1780)
#<struct OpenTelemetry::SDK::Trace::SpanData
 name="action_view render_template",
 kind=:internal,
 status=
  #<OpenTelemetry::Trace::Status:0x000000010a1ebb70 @code=1, @description="">,
 parent_span_id=">\xDF\xA4\x9E]3'm",
 total_recorded_attributes=2,
 total_recorded_events=0,
 total_recorded_links=0,
 start_timestamp=1713972246316282000,
 end_timestamp=1713972246427011000,
 attributes=
  {"identifier"=>
    "/Users/bcarreno/prj/honeycomb-testing-app/app/views/posts/index.html.erb",
   "layout"=>"layouts/application"},
 links=nil,
 events=nil,
 resource=
  #<OpenTelemetry::SDK::Resources::Resource:0x000000012672b4c0
   @attributes=
    {"service.name"=>"HcTestingApp",
     "process.pid"=>72890,
     "process.command"=>"bin/rails",
     "process.runtime.name"=>"ruby",
     "process.runtime.version"=>"3.3.0",
     "process.runtime.description"=>
      "ruby 3.3.0 (2023-12-25 revision 5124f9ac75) [x86_64-darwin23]",
     "telemetry.sdk.name"=>"opentelemetry",
     "telemetry.sdk.language"=>"ruby",
     "telemetry.sdk.version"=>"1.4.1"}>,
 instrumentation_scope=
  #<struct OpenTelemetry::SDK::InstrumentationScope
   name="OpenTelemetry::Instrumentation::ActionView",
   version="0.7.0">,
 span_id="\xE8\xCB\xE6\x9A*\xBB8\xCB",
 trace_id="\x8Bl\xB2\xBAn\x91\x80\vJ\x8C^W\xCA\x87m\x1F",
 trace_flags=#<OpenTelemetry::Trace::TraceFlags:0x00000001260d36e0 @flags=1>,
 tracestate=#<OpenTelemetry::Trace::Tracestate:0x00000001260d1598 @hash={}>>
  Rendered posts/index.html.erb within layouts/application (Duration: 112.3ms | Allocations: 44454)
#<struct OpenTelemetry::SDK::Trace::SpanData
 name="action_view render_layout",
 kind=:internal,
 status=
  #<OpenTelemetry::Trace::Status:0x000000010a1ebb70 @code=1, @description="">,
 parent_span_id="\x02\fL\x17F\xBF\x96\xB2",
 total_recorded_attributes=1,
 total_recorded_events=0,
 total_recorded_links=0,
 start_timestamp=1713972246316134000,
 end_timestamp=1713972246493395000,
 attributes=
  {"identifier"=>
    "/Users/bcarreno/prj/honeycomb-testing-app/app/views/layouts/application.html.erb"},
 links=nil,
 events=nil,
 resource=
  #<OpenTelemetry::SDK::Resources::Resource:0x000000012672b4c0
   @attributes=
    {"service.name"=>"HcTestingApp",
     "process.pid"=>72890,
     "process.command"=>"bin/rails",
     "process.runtime.name"=>"ruby",
     "process.runtime.version"=>"3.3.0",
     "process.runtime.description"=>
      "ruby 3.3.0 (2023-12-25 revision 5124f9ac75) [x86_64-darwin23]",
     "telemetry.sdk.name"=>"opentelemetry",
     "telemetry.sdk.language"=>"ruby",
     "telemetry.sdk.version"=>"1.4.1"}>,
 instrumentation_scope=
  #<struct OpenTelemetry::SDK::InstrumentationScope
   name="OpenTelemetry::Instrumentation::ActionView",
   version="0.7.0">,
 span_id=">\xDF\xA4\x9E]3'm",
 trace_id="\x8Bl\xB2\xBAn\x91\x80\vJ\x8C^W\xCA\x87m\x1F",
 trace_flags=#<OpenTelemetry::Trace::TraceFlags:0x00000001260d36e0 @flags=1>,
 tracestate=#<OpenTelemetry::Trace::Tracestate:0x00000001260d1598 @hash={}>>
  Rendered layout layouts/application.html.erb (Duration: 181.1ms | Allocations: 80115)
Completed 200 OK in 209ms (Views: 120.3ms | ActiveRecord: 65.4ms | Allocations: 89976)


#<struct OpenTelemetry::SDK::Trace::SpanData
 name="PostsController#index",
 kind=:server,
 status=
  #<OpenTelemetry::Trace::Status:0x000000010a1ebb70 @code=1, @description="">,
 parent_span_id="\x00\x00\x00\x00\x00\x00\x00\x00",
 total_recorded_attributes=9,
 total_recorded_events=0,
 total_recorded_links=0,
 start_timestamp=1713972246085435000,
 end_timestamp=1713972246503487000,
 attributes=
  {"http.method"=>"GET",
   "http.host"=>"localhost:3000",
   "http.scheme"=>"http",
   "http.target"=>"/posts",
   "http.user_agent"=>
    "Mozilla/5.0 (Macintosh; Intel Mac OS X 10.15; rv:124.0) Gecko/20100101 Firefox/124.0",
   "code.namespace"=>"PostsController",
   "code.function"=>"index",
   "user.id"=>"we-are-here",
   "http.status_code"=>200},
 links=nil,
 events=nil,
 resource=
  #<OpenTelemetry::SDK::Resources::Resource:0x000000012672b4c0
   @attributes=
    {"service.name"=>"HcTestingApp",
     "process.pid"=>72890,
     "process.command"=>"bin/rails",
     "process.runtime.name"=>"ruby",
     "process.runtime.version"=>"3.3.0",
     "process.runtime.description"=>
      "ruby 3.3.0 (2023-12-25 revision 5124f9ac75) [x86_64-darwin23]",
     "telemetry.sdk.name"=>"opentelemetry",
     "telemetry.sdk.language"=>"ruby",
     "telemetry.sdk.version"=>"1.4.1"}>,
 instrumentation_scope=
  #<struct OpenTelemetry::SDK::InstrumentationScope
   name="OpenTelemetry::Instrumentation::Rack",
   version="0.24.1">,
 span_id="\x02\fL\x17F\xBF\x96\xB2",
 trace_id="\x8Bl\xB2\xBAn\x91\x80\vJ\x8C^W\xCA\x87m\x1F",
 trace_flags=#<OpenTelemetry::Trace::TraceFlags:0x00000001260d36e0 @flags=1>,
 tracestate=#<OpenTelemetry::Trace::Tracestate:0x00000001260d1598 @hash={}>>
#<struct OpenTelemetry::SDK::Trace::SpanData
 name="HTTP GET",
 kind=:server,
 status=
  #<OpenTelemetry::Trace::Status:0x000000010a1ebb70 @code=1, @description="">,
 parent_span_id="\x00\x00\x00\x00\x00\x00\x00\x00",
 total_recorded_attributes=6,
 total_recorded_events=0,
 total_recorded_links=0,
 start_timestamp=1713972246776875000,
 end_timestamp=1713972246777534000,
 attributes=
  {"http.method"=>"GET",
   "http.host"=>"localhost:3000",
   "http.scheme"=>"http",
   "http.target"=>"/favicon.ico",
   "http.user_agent"=>
    "Mozilla/5.0 (Macintosh; Intel Mac OS X 10.15; rv:124.0) Gecko/20100101 Firefox/124.0",
   "http.status_code"=>200},
 links=nil,
 events=nil,
 resource=
  #<OpenTelemetry::SDK::Resources::Resource:0x000000012672b4c0
   @attributes=
    {"service.name"=>"HcTestingApp",
     "process.pid"=>72890,
     "process.command"=>"bin/rails",
     "process.runtime.name"=>"ruby",
     "process.runtime.version"=>"3.3.0",
     "process.runtime.description"=>
      "ruby 3.3.0 (2023-12-25 revision 5124f9ac75) [x86_64-darwin23]",
     "telemetry.sdk.name"=>"opentelemetry",
     "telemetry.sdk.language"=>"ruby",
     "telemetry.sdk.version"=>"1.4.1"}>,
 instrumentation_scope=
  #<struct OpenTelemetry::SDK::InstrumentationScope
   name="OpenTelemetry::Instrumentation::Rack",
   version="0.24.1">,
 span_id="\xEElD.\xB6\x98\x7Fd",
 trace_id="\x8F\xA1\xFD\bA\x17\xEFZ\x9AD\xC6\x04G}\b\x01",
 trace_flags=#<OpenTelemetry::Trace::TraceFlags:0x00000001260d36e0 @flags=1>,
 tracestate=#<OpenTelemetry::Trace::Tracestate:0x00000001260d1598 @hash={}>>
